<?xml version="1.0" encoding="UTF-8"?>
<!-- Generated by org.testng.reporters.JUnitReportReporter -->
<testsuite hostname="LIN16003193" name="com.sogeti.webshop.tests.acceptance.NewTest" tests="1" failures="0" timestamp="30 Oct 2015 08:51:42 GMT" time="8.957" errors="0">
  <testcase name="testGoogle" time="8.957" classname="com.sogeti.webshop.tests.acceptance.NewTest"/>
</testsuite> <!-- com.sogeti.webshop.tests.acceptance.NewTest -->
