<?xml version="1.0" encoding="UTF-8"?>
<!-- Generated by org.testng.reporters.JUnitReportReporter -->
<testsuite hostname="LIN16003193" name="com.sogeti.webshop.tests.acceptance.SearchAcceptanceTest" tests="1" failures="0" timestamp="30 Oct 2015 09:19:39 GMT" time="5.335" errors="0">
  <testcase name="testGoogle" time="5.335" classname="com.sogeti.webshop.tests.acceptance.SearchAcceptanceTest"/>
</testsuite> <!-- com.sogeti.webshop.tests.acceptance.SearchAcceptanceTest -->
